This is pdfTeX, Version 3.14159265-2.6-1.40.21 (MiKTeX 2.9.7400 64-bit) (preloaded format=pdflatex 2020.5.4)  30 AUG 2020 23:10
entering extended mode
**c:/Users/William/Desktop/Masters/report_latex/main.tex
(c:/Users/William/Desktop/Masters/report_latex/main.tex
LaTeX2e <2020-02-02> patch level 5
L3 programming layer <2020-04-06> ("C:\Users\William\AppData\Local\Programs\MiKTeX 2.9\tex/latex/base\article.cls"
Document Class: article 2019/12/20 v1.4l Standard LaTeX document class
("C:\Users\William\AppData\Local\Programs\MiKTeX 2.9\tex/latex/base\size12.clo"
File: size12.clo 2019/12/20 v1.4l Standard LaTeX file (size option)
)
\c@part=\count167
\c@section=\count168
\c@subsection=\count169
\c@subsubsection=\count170
\c@paragraph=\count171
\c@subparagraph=\count172
\c@figure=\count173
\c@table=\count174
\abovecaptionskip=\skip47
\belowcaptionskip=\skip48
\bibindent=\dimen134
) ("C:\Users\William\AppData\Local\Programs\MiKTeX 2.9\tex/generic/babel\babel.sty"
Package: babel 2020/03/22 3.42 The Babel package
 ("C:\Users\William\AppData\Local\Programs\MiKTeX 2.9\tex/generic/babel\switch.def"
File: switch.def 2020/03/22 3.42 Babel switching mechanism
)
*************************************
* Local config file bblopts.cfg used
*
("C:\Users\William\AppData\Local\Programs\MiKTeX 2.9\tex/latex/arabi\bblopts.cfg"
File: bblopts.cfg 2005/09/08 v0.1 add Arabic and Farsi to "declared" options of babel
) ("C:\Users\William\AppData\Local\Programs\MiKTeX 2.9\tex/latex/babel-english\english.ldf"
Language: english 2017/06/06 v3.3r English support from the babel system
 ("C:\Users\William\AppData\Local\Programs\MiKTeX 2.9\tex/generic/babel\babel.def"
File: babel.def 2020/03/22 3.42 Babel common definitions
\babel@savecnt=\count175
\U@D=\dimen135
 ("C:\Users\William\AppData\Local\Programs\MiKTeX 2.9\tex/generic/babel\txtbabel.def")
\bbl@readstream=\read2
\bbl@dirlevel=\count176
)
Package babel Info: \l@canadian = using hyphenrules for english
(babel)             (\language0) on input line 102.
Package babel Info: \l@australian = using hyphenrules for ukenglish
(babel)             (\language72) on input line 105.
Package babel Info: \l@newzealand = using hyphenrules for ukenglish
(babel)             (\language72) on input line 108.
)) ("C:\Users\William\AppData\Local\Programs\MiKTeX 2.9\tex/latex/natbib\natbib.sty"
Package: natbib 2010/09/13 8.31b (PWD, AO)
\bibhang=\skip49
\bibsep=\skip50
LaTeX Info: Redefining \cite on input line 694.
\c@NAT@ctr=\count177
) ("C:\Users\William\AppData\Local\Programs\MiKTeX 2.9\tex/latex/tocbibind\tocbibind.sty"
Package: tocbibind 2010/10/13 v1.5k extra ToC listings
Package tocbibind Info: The document has section divisions on input line 50.


Package tocbibind Note: Using section or other style headings.

) ("C:\Users\William\AppData\Local\Programs\MiKTeX 2.9\tex/latex/url\url.sty"
\Urlmuskip=\muskip16
Package: url 2013/09/16  ver 3.4  Verb mode for urls, etc.
) ("C:\Users\William\AppData\Local\Programs\MiKTeX 2.9\tex/latex/base\inputenc.sty"
Package: inputenc 2018/08/11 v1.3c Input encoding file
\inpenc@prehook=\toks15
\inpenc@posthook=\toks16
 ("C:\Users\William\AppData\Local\Programs\MiKTeX 2.9\tex/latex/ucs\utf8x.def"
File: utf8x.def 2004/10/17 UCS: Input encoding UTF-8
)) ("C:\Users\William\AppData\Local\Programs\MiKTeX 2.9\tex/latex/ucs\ucs.sty"
Package: ucs 2013/05/11 v2.2 UCS: Unicode input support
 ("C:\Users\William\AppData\Local\Programs\MiKTeX 2.9\tex/latex/ucs\uni-global.def"
File: uni-global.def 2013/05/13 UCS: Unicode global data
)
\uc@secondtry=\count178
\uc@combtoks=\toks17
\uc@combtoksb=\toks18
\uc@temptokena=\toks19
) ("C:\Users\William\AppData\Local\Programs\MiKTeX 2.9\tex/latex/amsmath\amsmath.sty"
Package: amsmath 2020/01/20 v2.17e AMS math features
\@mathmargin=\skip51

For additional information on amsmath, use the `?' option.
("C:\Users\William\AppData\Local\Programs\MiKTeX 2.9\tex/latex/amsmath\amstext.sty"
Package: amstext 2000/06/29 v2.01 AMS text
 ("C:\Users\William\AppData\Local\Programs\MiKTeX 2.9\tex/latex/amsmath\amsgen.sty"
File: amsgen.sty 1999/11/30 v2.0 generic functions
\@emptytoks=\toks20
\ex@=\dimen136
)) ("C:\Users\William\AppData\Local\Programs\MiKTeX 2.9\tex/latex/amsmath\amsbsy.sty"
Package: amsbsy 1999/11/29 v1.2d Bold Symbols
\pmbraise@=\dimen137
) ("C:\Users\William\AppData\Local\Programs\MiKTeX 2.9\tex/latex/amsmath\amsopn.sty"
Package: amsopn 2016/03/08 v2.02 operator names
)
\inf@bad=\count179
LaTeX Info: Redefining \frac on input line 227.
\uproot@=\count180
\leftroot@=\count181
LaTeX Info: Redefining \overline on input line 389.
\classnum@=\count182
\DOTSCASE@=\count183
LaTeX Info: Redefining \ldots on input line 486.
LaTeX Info: Redefining \dots on input line 489.
LaTeX Info: Redefining \cdots on input line 610.
\Mathstrutbox@=\box45
\strutbox@=\box46
\big@size=\dimen138
LaTeX Font Info:    Redeclaring font encoding OML on input line 733.
LaTeX Font Info:    Redeclaring font encoding OMS on input line 734.
\macc@depth=\count184
\c@MaxMatrixCols=\count185
\dotsspace@=\muskip17
\c@parentequation=\count186
\dspbrk@lvl=\count187
\tag@help=\toks21
\row@=\count188
\column@=\count189
\maxfields@=\count190
\andhelp@=\toks22
\eqnshift@=\dimen139
\alignsep@=\dimen140
\tagshift@=\dimen141
\tagwidth@=\dimen142
\totwidth@=\dimen143
\lineht@=\dimen144
\@envbody=\toks23
\multlinegap=\skip52
\multlinetaggap=\skip53
\mathdisplay@stack=\toks24
LaTeX Info: Redefining \[ on input line 2859.
LaTeX Info: Redefining \] on input line 2860.
) ("C:\Users\William\AppData\Local\Programs\MiKTeX 2.9\tex/latex/graphics\graphicx.sty"
Package: graphicx 2019/11/30 v1.2a Enhanced LaTeX Graphics (DPC,SPQR)
 ("C:\Users\William\AppData\Local\Programs\MiKTeX 2.9\tex/latex/graphics\keyval.sty"
Package: keyval 2014/10/28 v1.15 key=value parser (DPC)
\KV@toks@=\toks25
) ("C:\Users\William\AppData\Local\Programs\MiKTeX 2.9\tex/latex/graphics\graphics.sty"
Package: graphics 2019/11/30 v1.4a Standard LaTeX Graphics (DPC,SPQR)
 ("C:\Users\William\AppData\Local\Programs\MiKTeX 2.9\tex/latex/graphics\trig.sty"
Package: trig 2016/01/03 v1.10 sin cos tan (DPC)
) ("C:\Users\William\AppData\Local\Programs\MiKTeX 2.9\tex/latex/graphics-cfg\graphics.cfg"
File: graphics.cfg 2016/06/04 v1.11 sample graphics configuration
)
Package graphics Info: Driver file: pdftex.def on input line 105.
 ("C:\Users\William\AppData\Local\Programs\MiKTeX 2.9\tex/latex/graphics-def\pdftex.def"
File: pdftex.def 2018/01/08 v1.0l Graphics/color driver for pdftex
))
\Gin@req@height=\dimen145
\Gin@req@width=\dimen146
) ("C:\Users\William\AppData\Local\Programs\MiKTeX 2.9\tex/latex/parskip\parskip.sty"
Package: parskip 2020-05-19 v2.0e non-zero parskip adjustments
 ("C:\Users\William\AppData\Local\Programs\MiKTeX 2.9\tex/latex/kvoptions\kvoptions.sty"
Package: kvoptions 2019/11/29 v3.13 Key value format for package options (HO)
 ("C:\Users\William\AppData\Local\Programs\MiKTeX 2.9\tex/generic/ltxcmds\ltxcmds.sty"
Package: ltxcmds 2019/12/15 v1.24 LaTeX kernel commands for general use (HO)
) ("C:\Users\William\AppData\Local\Programs\MiKTeX 2.9\tex/generic/kvsetkeys\kvsetkeys.sty"
Package: kvsetkeys 2019/12/15 v1.18 Key value parser (HO)
)) ("C:\Users\William\AppData\Local\Programs\MiKTeX 2.9\tex/latex/etoolbox\etoolbox.sty"
Package: etoolbox 2019/09/21 v2.5h e-TeX tools for LaTeX (JAW)
\etb@tempcnta=\count191
)) ("C:\Users\William\AppData\Local\Programs\MiKTeX 2.9\tex/latex/fancyhdr\fancyhdr.sty"
Package: fancyhdr 2019/01/31 v3.10 Extensive control of page headers and footers
\f@nch@headwidth=\skip54
\f@nch@O@elh=\skip55
\f@nch@O@erh=\skip56
\f@nch@O@olh=\skip57
\f@nch@O@orh=\skip58
\f@nch@O@elf=\skip59
\f@nch@O@erf=\skip60
\f@nch@O@olf=\skip61
\f@nch@O@orf=\skip62
) ("C:\Users\William\AppData\Local\Programs\MiKTeX 2.9\tex/latex/vmargin\vmargin.sty"
Package: vmargin 2004/07/15 V2.5 set document margins (VK)

Package: vmargin 2004/07/15 V2.5 set document margins (VK)
\PaperWidth=\dimen147
\PaperHeight=\dimen148
) ("C:\Users\William\AppData\Local\Programs\MiKTeX 2.9\tex/latex/listings\listings.sty"
\lst@mode=\count192
\lst@gtempboxa=\box47
\lst@token=\toks26
\lst@length=\count193
\lst@currlwidth=\dimen149
\lst@column=\count194
\lst@pos=\count195
\lst@lostspace=\dimen150
\lst@width=\dimen151
\lst@newlines=\count196
\lst@lineno=\count197
\lst@maxwidth=\dimen152
 ("C:\Users\William\AppData\Local\Programs\MiKTeX 2.9\tex/latex/listings\lstmisc.sty"
File: lstmisc.sty 2020/03/24 1.8d (Carsten Heinz)
\c@lstnumber=\count198
\lst@skipnumbers=\count199
\lst@framebox=\box48
) ("C:\Users\William\AppData\Local\Programs\MiKTeX 2.9\tex/latex/listings\listings.cfg"
File: listings.cfg 2020/03/24 1.8d listings configuration
))
Package: listings 2020/03/24 1.8d (Carsten Heinz)
 ("C:\Users\William\AppData\Local\Programs\MiKTeX 2.9\tex/latex/xcolor\xcolor.sty"
Package: xcolor 2016/05/11 v2.12 LaTeX color extensions (UK)
 ("C:\Users\William\AppData\Local\Programs\MiKTeX 2.9\tex/latex/graphics-cfg\color.cfg"
File: color.cfg 2016/01/02 v1.6 sample color configuration
)
Package xcolor Info: Driver file: pdftex.def on input line 225.
Package xcolor Info: Model `cmy' substituted by `cmy0' on input line 1348.
Package xcolor Info: Model `hsb' substituted by `rgb' on input line 1352.
Package xcolor Info: Model `RGB' extended on input line 1364.
Package xcolor Info: Model `HTML' substituted by `rgb' on input line 1366.
Package xcolor Info: Model `Hsb' substituted by `hsb' on input line 1367.
Package xcolor Info: Model `tHsb' substituted by `hsb' on input line 1368.
Package xcolor Info: Model `HSB' substituted by `hsb' on input line 1369.
Package xcolor Info: Model `Gray' substituted by `gray' on input line 1370.
Package xcolor Info: Model `wave' substituted by `hsb' on input line 1371.
) ("C:\Users\William\AppData\Local\Programs\MiKTeX 2.9\tex/latex/listings\lstlang1.sty"
File: lstlang1.sty 2020/03/24 1.8d listings language file
) ("C:\Users\William\AppData\Local\Programs\MiKTeX 2.9\tex/latex/l3backend\l3backend-pdfmode.def"
File: l3backend-pdfmode.def 2020-03-12 L3 backend support: PDF mode
\l__kernel_color_stack_int=\count266
\l__pdf_internal_box=\box49
) (c:/Users\William\Desktop\Masters\report_latex\main.aux)
\openout1 = `main.aux'.

LaTeX Font Info:    Checking defaults for OML/cmm/m/it on input line 61.
LaTeX Font Info:    ... okay on input line 61.
LaTeX Font Info:    Checking defaults for OMS/cmsy/m/n on input line 61.
LaTeX Font Info:    ... okay on input line 61.
LaTeX Font Info:    Checking defaults for OT1/cmr/m/n on input line 61.
LaTeX Font Info:    ... okay on input line 61.
LaTeX Font Info:    Checking defaults for T1/cmr/m/n on input line 61.
LaTeX Font Info:    ... okay on input line 61.
LaTeX Font Info:    Checking defaults for TS1/cmr/m/n on input line 61.
LaTeX Font Info:    ... okay on input line 61.
LaTeX Font Info:    Checking defaults for OMX/cmex/m/n on input line 61.
LaTeX Font Info:    ... okay on input line 61.
LaTeX Font Info:    Checking defaults for U/cmr/m/n on input line 61.
LaTeX Font Info:    ... okay on input line 61.
 ("C:\Users\William\AppData\Local\Programs\MiKTeX 2.9\tex/latex/ucs\ucsencs.def"
File: ucsencs.def 2011/01/21 Fixes to fontencodings LGR, T3
) ("C:\Users\William\AppData\Local\Programs\MiKTeX 2.9\tex/context/base/mkii\supp-pdf.mkii"
[Loading MPS to PDF converter (version 2006.09.02).]
\scratchcounter=\count267
\scratchdimen=\dimen153
\scratchbox=\box50
\nofMPsegments=\count268
\nofMParguments=\count269
\everyMPshowfont=\toks27
\MPscratchCnt=\count270
\MPscratchDim=\dimen154
\MPnumerator=\count271
\makeMPintoPDFobject=\count272
\everyMPtoPDFconversion=\toks28
) ("C:\Users\William\AppData\Local\Programs\MiKTeX 2.9\tex/latex/epstopdf-pkg\epstopdf-base.sty"
Package: epstopdf-base 2020-01-24 v2.11 Base part for package epstopdf
Package epstopdf-base Info: Redefining graphics rule for `.eps' on input line 485.
)
\c@lstlisting=\count273
<./images/UniOfLiverpoolLogo2.jpg, id=1, 1284.8pt x 542.025pt>
File: ./images/UniOfLiverpoolLogo2.jpg Graphic file (type jpg)
<use ./images/UniOfLiverpoolLogo2.jpg>
Package pdftex.def Info: ./images/UniOfLiverpoolLogo2.jpg  used on input line 72.
(pdftex.def)             Requested size: 256.95544pt x 108.40308pt.
 [1

{C:/Users/William/AppData/Local/MiKTeX/2.9/pdftex/config/pdftex.map} <./images/UniOfLiverpoolLogo2.jpg>] [1] (c:/Users\William\Desktop\Masters\report_latex\main.toc [2])
\tf@toc=\write3
\openout3 = `main.toc'.

 [3] [4] [1] [2] [3] [4] [5] [6] [7] [8] ("C:\Users\William\AppData\Local\Programs\MiKTeX 2.9\tex/latex/ucs\uni-32.def"
File: uni-32.def 2013/05/13 UCS: Unicode data U+2000..U+20FF
)
<./images/primer_results.png, id=59, 566.115pt x 210.7875pt>
File: ./images/primer_results.png Graphic file (type png)
<use ./images/primer_results.png>
Package pdftex.def Info: ./images/primer_results.png  used on input line 310.
(pdftex.def)             Requested size: 424.5852pt x 158.09024pt.
 [9 <./images/primer_results.png>] [10]
<./images/reinf_paper.png, id=66, 396.88275pt x 332.442pt>
File: ./images/reinf_paper.png Graphic file (type png)
<use ./images/reinf_paper.png>
Package pdftex.def Info: ./images/reinf_paper.png  used on input line 362.
(pdftex.def)             Requested size: 396.88177pt x 332.44118pt.
<./images/reinf_paper2.png, id=67, 490.83376pt x 425.79076pt>
File: ./images/reinf_paper2.png Graphic file (type png)
<use ./images/reinf_paper2.png>
Package pdftex.def Info: ./images/reinf_paper2.png  used on input line 371.
(pdftex.def)             Requested size: 490.83255pt x 425.78972pt.

Overfull \hbox (34.94826pt too wide) in paragraph at lines 371--372
 [][] 
 []

[11 <./images/reinf_paper.png>] [12 <./images/reinf_paper2.png>]
<./images/atis_tableSUE.png, id=74, 501.67426pt x 75.28125pt>
File: ./images/atis_tableSUE.png Graphic file (type png)
<use ./images/atis_tableSUE.png>
Package pdftex.def Info: ./images/atis_tableSUE.png  used on input line 387.
(pdftex.def)             Requested size: 376.25476pt x 56.46078pt.
 [13 <./images/atis_tableSUE.png>]
<./images/atis_table.png, id=80, 648.021pt x 175.857pt>
File: ./images/atis_table.png Graphic file (type png)
<use ./images/atis_table.png>
Package pdftex.def Info: ./images/atis_table.png  used on input line 413.
(pdftex.def)             Requested size: 453.6116pt x 123.09906pt.
<./images/atis_fig.png, id=81, 280.04625pt x 200.54926pt>
File: ./images/atis_fig.png Graphic file (type png)
<use ./images/atis_fig.png>
Package pdftex.def Info: ./images/atis_fig.png  used on input line 419.
(pdftex.def)             Requested size: 280.04555pt x 200.54875pt.
 [14 <./images/atis_table.png> <./images/atis_fig.png>] [15]
<./images/route_rules.png, id=90, 442.0515pt x 214.401pt>
File: ./images/route_rules.png Graphic file (type png)
<use ./images/route_rules.png>
Package pdftex.def Info: ./images/route_rules.png  used on input line 461.
(pdftex.def)             Requested size: 442.05042pt x 214.40047pt.
 ("C:\Users\William\AppData\Local\Programs\MiKTeX 2.9\tex/latex/ucs\uni-0.def"
File: uni-0.def 2013/05/13 UCS: Unicode data U+0000..U+00FF
) [16 <./images/route_rules.png>]
<./images/av-spacing.png, id=94, 363.15675pt x 75.28125pt>
File: ./images/av-spacing.png Graphic file (type png)
<use ./images/av-spacing.png>
Package pdftex.def Info: ./images/av-spacing.png  used on input line 479.
(pdftex.def)             Requested size: 363.15585pt x 75.28105pt.
 [17 <./images/av-spacing.png>] [18] [19]
Overfull \hbox (1.27528pt too wide) in paragraph at lines 555--573
 [] 
 []


LaTeX Warning: `!h' float specifier changed to `!ht'.

[20] [21] [22] [23]
<./images/net1.png, id=117, 258.36525pt x 196.93575pt>
File: ./images/net1.png Graphic file (type png)
<use ./images/net1.png>
Package pdftex.def Info: ./images/net1.png  used on input line 658.
(pdftex.def)             Requested size: 193.77345pt x 147.70143pt.
 [24 <./images/net1.png>]
<./images/default.png, id=121, 640.49287pt x 459.81787pt>
File: ./images/default.png Graphic file (type png)
<use ./images/default.png>
Package pdftex.def Info: ./images/default.png  used on input line 742.
(pdftex.def)             Requested size: 320.24565pt x 229.90837pt.


LaTeX Warning: `!h' float specifier changed to `!ht'.

<./images/default_tts.png, id=122, 633.26587pt x 459.81787pt>
File: ./images/default_tts.png Graphic file (type png)
<use ./images/default_tts.png>
Package pdftex.def Info: ./images/default_tts.png  used on input line 749.
(pdftex.def)             Requested size: 316.63216pt x 229.90837pt.

LaTeX Warning: `!h' float specifier changed to `!ht'.

<./images/hv_vs_av_grid.png, id=123, 649.52663pt x 471.56175pt>
File: ./images/hv_vs_av_grid.png Graphic file (type png)
<use ./images/hv_vs_av_grid.png>
Package pdftex.def Info: ./images/hv_vs_av_grid.png  used on input line 756.
(pdftex.def)             Requested size: 324.76251pt x 235.78029pt.

LaTeX Warning: `!h' float specifier changed to `!ht'.

<./images/hv_av_std.png, id=124, 782.6841pt x 459.99855pt>
File: ./images/hv_av_std.png Graphic file (type png)
<use ./images/hv_av_std.png>
Package pdftex.def Info: ./images/hv_av_std.png  used on input line 763.
(pdftex.def)             Requested size: 391.3411pt x 229.9987pt.

LaTeX Warning: `!h' float specifier changed to `!ht'.

<./images/hv_th_grid.png, id=125, 649.52663pt x 471.56175pt>
File: ./images/hv_th_grid.png Graphic file (type png)
<use ./images/hv_th_grid.png>
Package pdftex.def Info: ./images/hv_th_grid.png  used on input line 776.
(pdftex.def)             Requested size: 324.76251pt x 235.78029pt.

LaTeX Warning: `!h' float specifier changed to `!ht'.

<./images/hv_th_std.png, id=126, 633.8079pt x 459.99855pt>
File: ./images/hv_th_std.png Graphic file (type png)
<use ./images/hv_th_std.png>
Package pdftex.def Info: ./images/hv_th_std.png  used on input line 783.
(pdftex.def)             Requested size: 316.90318pt x 229.9987pt.

LaTeX Warning: `!h' float specifier changed to `!ht'.

[25]
Overfull \vbox (1.4077pt too high) has occurred while \output is active []

 [26 <./images/default.png> <./images/default_tts.png>]
<./images/av_th_grid.png, id=137, 649.52663pt x 471.56175pt>
File: ./images/av_th_grid.png Graphic file (type png)
<use ./images/av_th_grid.png>
Package pdftex.def Info: ./images/av_th_grid.png  used on input line 796.
(pdftex.def)             Requested size: 324.76251pt x 235.78029pt.
 [27 <./images/hv_vs_av_grid.png> <./images/hv_av_std.png>]

LaTeX Warning: `!h' float specifier changed to `!ht'.

<./images/av_th_std.png, id=143, 633.8079pt x 459.99855pt>
File: ./images/av_th_std.png Graphic file (type png)
<use ./images/av_th_std.png>
Package pdftex.def Info: ./images/av_th_std.png  used on input line 803.
(pdftex.def)             Requested size: 316.90318pt x 229.9987pt.

LaTeX Warning: `!h' float specifier changed to `!ht'.

<./images/av_th3001_std.png, id=144, 640.67355pt x 459.99855pt>
File: ./images/av_th3001_std.png Graphic file (type png)
<use ./images/av_th3001_std.png>
Package pdftex.def Info: ./images/av_th3001_std.png  used on input line 810.
(pdftex.def)             Requested size: 320.33598pt x 229.9987pt.

LaTeX Warning: `!h' float specifier changed to `!ht'.

[28 <./images/hv_th_grid.png> <./images/hv_th_std.png>]
Overfull \vbox (7.36995pt too high) has occurred while \output is active []

 [29 <./images/av_th_grid.png> <./images/av_th_std.png>]
<./images/hv_l_grid.png, id=155, 649.52663pt x 471.56175pt>
File: ./images/hv_l_grid.png Graphic file (type png)
<use ./images/hv_l_grid.png>
Package pdftex.def Info: ./images/hv_l_grid.png  used on input line 825.
(pdftex.def)             Requested size: 324.76251pt x 235.78029pt.


LaTeX Warning: `!h' float specifier changed to `!ht'.

<./images/hv_l_std.png, id=156, 633.8079pt x 459.99855pt>
File: ./images/hv_l_std.png Graphic file (type png)
<use ./images/hv_l_std.png>
Package pdftex.def Info: ./images/hv_l_std.png  used on input line 832.
(pdftex.def)             Requested size: 316.90318pt x 229.9987pt.

LaTeX Warning: `!h' float specifier changed to `!ht'.

<./images/av_l_grid.png, id=157, 649.52663pt x 471.56175pt>
File: ./images/av_l_grid.png Graphic file (type png)
<use ./images/av_l_grid.png>
Package pdftex.def Info: ./images/av_l_grid.png  used on input line 847.
(pdftex.def)             Requested size: 324.76251pt x 235.78029pt.

LaTeX Warning: `!h' float specifier changed to `!ht'.

<./images/av_l_std.png, id=158, 778.70924pt x 459.99855pt>
File: ./images/av_l_std.png Graphic file (type png)
<use ./images/av_l_std.png>
Package pdftex.def Info: ./images/av_l_std.png  used on input line 854.
(pdftex.def)             Requested size: 389.35367pt x 229.9987pt.

LaTeX Warning: `!h' float specifier changed to `!ht'.

[30 <./images/av_th3001_std.png>]
<./images/atis_grid.png, id=163, 649.52663pt x 471.56175pt>
File: ./images/atis_grid.png Graphic file (type png)
<use ./images/atis_grid.png>
Package pdftex.def Info: ./images/atis_grid.png  used on input line 869.
(pdftex.def)             Requested size: 324.76251pt x 235.78029pt.
 [31 <./images/hv_l_grid.png> <./images/hv_l_std.png>]

LaTeX Warning: `!h' float specifier changed to `!ht'.

[32 <./images/av_l_grid.png> <./images/av_l_std.png>] [33 <./images/atis_grid.png>] [34]
<./images/av_l_extra.png, id=182, 636.6987pt x 455.301pt>
File: ./images/av_l_extra.png Graphic file (type png)
<use ./images/av_l_extra.png>
Package pdftex.def Info: ./images/av_l_extra.png  used on input line 925.
(pdftex.def)             Requested size: 318.34857pt x 227.64993pt.


LaTeX Warning: `!h' float specifier changed to `!ht'.

[35] [36 <./images/av_l_extra.png>] [37] (c:/Users\William\Desktop\Masters\report_latex\main.bbl [38]) [39] (../final/sim_script_demo.py [40]) [41] (../final/agents.py [42] [43]) [44] (../final/environment.py [45] [46]) [47]
<./images/gantt.png, id=226, 834.7185pt x 387.849pt>
File: ./images/gantt.png Graphic file (type png)
<use ./images/gantt.png>
Package pdftex.def Info: ./images/gantt.png  used on input line 990.
(pdftex.def)             Requested size: 542.5606pt x 252.09885pt.
 [48 <./images/gantt.png>] (c:/Users\William\Desktop\Masters\report_latex\main.aux) ) 
Here is how much of TeX's memory you used:
 7432 strings out of 480930
 102074 string characters out of 2898824
 772148 words of memory out of 3000000
 23166 multiletter control sequences out of 15000+200000
 542703 words of font info for 60 fonts, out of 3000000 for 9000
 1141 hyphenation exceptions out of 8191
 30i,12n,45p,1860b,1844s stack positions out of 5000i,500n,10000p,200000b,50000s
{C:/Users/William/AppData/Local/Programs/MiKTeX 2.9/fonts/enc/dvips/cm-super/cm-super-ts1.enc}<C:/Users/William/AppData/Local/Programs/MiKTeX 2.9/fonts/type1/public/amsfonts/cm/cmbx12.pfb><C:/Users/William/AppData/Local/Programs/MiKTeX 2.9/fonts/type1/public/amsfonts/cm/cmcsc10.pfb><C:/Users/William/AppData/Local/Programs/MiKTeX 2.9/fonts/type1/public/amsfonts/cm/cmex10.pfb><C:/Users/William/AppData/Local/Programs/MiKTeX 2.9/fonts/type1/public/amsfonts/cm/cmmi10.pfb><C:/Users/William/AppData/Local/Programs/MiKTeX 2.9/fonts/type1/public/amsfonts/cm/cmmi12.pfb><C:/Users/William/AppData/Local/Programs/MiKTeX 2.9/fonts/type1/public/amsfonts/cm/cmmi6.pfb><C:/Users/William/AppData/Local/Programs/MiKTeX 2.9/fonts/type1/public/amsfonts/cm/cmmi8.pfb><C:/Users/William/AppData/Local/Programs/MiKTeX 2.9/fonts/type1/public/amsfonts/cm/cmr12.pfb><C:/Users/William/AppData/Local/Programs/MiKTeX 2.9/fonts/type1/public/amsfonts/cm/cmr17.pfb><C:/Users/William/AppData/Local/Programs/MiKTeX 2.9/fonts/type1/public/amsfonts/cm/cmr6.pfb><C:/Users/William/AppData/Local/Programs/MiKTeX 2.9/fonts/type1/public/amsfonts/cm/cmr8.pfb><C:/Users/William/AppData/Local/Programs/MiKTeX 2.9/fonts/type1/public/amsfonts/cm/cmsy10.pfb><C:/Users/William/AppData/Local/Programs/MiKTeX 2.9/fonts/type1/public/amsfonts/cm/cmsy6.pfb><C:/Users/William/AppData/Local/Programs/MiKTeX 2.9/fonts/type1/public/amsfonts/cm/cmsy8.pfb><C:/Users/William/AppData/Local/Programs/MiKTeX 2.9/fonts/type1/public/amsfonts/cm/cmti12.pfb><C:/Users/William/AppData/Local/Programs/MiKTeX 2.9/fonts/type1/public/amsfonts/cm/cmtt10.pfb><C:/Users/William/AppData/Local/Programs/MiKTeX 2.9/fonts/type1/public/cm-super/sfrm1200.pfb>
Output written on c:/Users\William\Desktop\Masters\report_latex\main.pdf (53 pages, 3180556 bytes).
PDF statistics:
 286 PDF objects out of 1000 (max. 8388607)
 0 named destinations out of 1000 (max. 500000)
 131 words of extra memory for PDF output out of 10000 (max. 10000000)

